0100001100010000110110110100001101001000
0001100100100001100010010101101010110000
0110000000000000000000000000001000101000
0101100010000011101100010011101010100011
1101011001000010101001100010101010001010
1101000101111010000000001011111000000010
0111001100000100000001001101000100000000
0000000001110001000001100101000100100001
0110000000000101110000101101100110100000
1100000000100001000000001100100100101000
1100001000010001010000011111000111100001
0100000000000111001100011000111100001100
1000100011101001000100001100100001111000
0000011111100001011101011010100000000000
0001111000000000000100000000100110000101
0000000100001000000111100000001010010000
0010000000001000000110000001000010101000
0000000000000100001110100000001001010100
0000000000000100000110100000010010000000
0000000000000000110100001001101011000000
0000000000000000000101011010101000000000
0000000000010000000001011000000011101010
1110001000000000001001001000100000001000
0111000000011110000000000000000010101010
1000010100000000000000000100110000000010
0011010110000000100000000001000000110000
1110101110000000000101100000011000100111
0000001110001011000001100000100001000100
1100000000000011000101101000001100000001
1000000000011011000001101011000000010000
0000000001111100000001001000011000101110
1111000101011101010110100111111010000000
0100000111000001001010000111111100000000
0111000100001001110110111110110000000000
0000000000001001101011110000111100000000
0001000000000100100010000000111010100000
0100000000001010100101000001000000110001
0111000000001110001011000010000011001101
0000000011000010000001100001000100011010
0011101000000110001101000111001101101100
